The push refers to repository [quay.io/kryanbeane/ray]
7ba95544347f: Waiting
ff51c65dfdd3: Waiting
c6ad9ed85b3d: Waiting
edc38886344a: Waiting
26cb74562d8b: Waiting
9e49fb8200f6: Waiting
835c2b4c2960: Waiting
25cc4284aac1: Waiting
7a1d26d31d2c: Waiting
a281797bb06f: Waiting
24a3a1bb93b8: Waiting
8915e3401858: Waiting
a963c674d2b7: Waiting
07e8be4b3436: Waiting
4f4fb700ef54: Waiting
009de59430f6: Waiting
60eb61e97a11: Waiting
12403f88a105: Waiting
7bda1c667326: Waiting
b741915f9b7a: Waiting
4cbeeddcdfa9: Waiting
8bea666aff12: Waiting
7bda1c667326: Waiting
b741915f9b7a: Waiting
4cbeeddcdfa9: Waiting
8bea666aff12: Waiting
ff51c65dfdd3: Waiting
c6ad9ed85b3d: Waiting
edc38886344a: Waiting
26cb74562d8b: Waiting
7ba95544347f: Waiting
835c2b4c2960: Waiting
25cc4284aac1: Waiting
7a1d26d31d2c: Waiting
a281797bb06f: Waiting
24a3a1bb93b8: Waiting
8915e3401858: Waiting
a963c674d2b7: Waiting
9e49fb8200f6: Waiting
4f4fb700ef54: Waiting
009de59430f6: Waiting
60eb61e97a11: Waiting
12403f88a105: Waiting
07e8be4b3436: Waiting
26cb74562d8b: Waiting
7ba95544347f: Waiting
ff51c65dfdd3: Waiting
c6ad9ed85b3d: Waiting
edc38886344a: Waiting
a963c674d2b7: Waiting
9e49fb8200f6: Waiting
835c2b4c2960: Waiting
25cc4284aac1: Waiting
7a1d26d31d2c: Waiting
a281797bb06f: Waiting
24a3a1bb93b8: Waiting
8915e3401858: Waiting
12403f88a105: Waiting
07e8be4b3436: Waiting
4f4fb700ef54: Waiting
009de59430f6: Waiting
60eb61e97a11: Waiting
8bea666aff12: Waiting
7bda1c667326: Waiting
b741915f9b7a: Waiting
4cbeeddcdfa9: Waiting
c6ad9ed85b3d: Waiting
edc38886344a: Waiting
26cb74562d8b: Layer already exists
7ba95544347f: Waiting
ff51c65dfdd3: Waiting
24a3a1bb93b8: Waiting
8915e3401858: Waiting
a963c674d2b7: Layer already exists
9e49fb8200f6: Layer already exists
835c2b4c2960: Waiting
25cc4284aac1: Waiting
7a1d26d31d2c: Waiting
a281797bb06f: Waiting
009de59430f6: Waiting
60eb61e97a11: Waiting
12403f88a105: Waiting
07e8be4b3436: Layer already exists
4f4fb700ef54: Waiting
b741915f9b7a: Layer already exists
4cbeeddcdfa9: Waiting
8bea666aff12: Waiting
7bda1c667326: Waiting
4cbeeddcdfa9: Waiting
8bea666aff12: Waiting
7bda1c667326: Layer already exists
edc38886344a: Waiting
7ba95544347f: Waiting
ff51c65dfdd3: Waiting
c6ad9ed85b3d: Layer already exists
8915e3401858: Waiting
835c2b4c2960: Waiting
25cc4284aac1: Layer already exists
7a1d26d31d2c: Waiting
a281797bb06f: Waiting
24a3a1bb93b8: Waiting
60eb61e97a11: Waiting
12403f88a105: Layer already exists
4f4fb700ef54: Layer already exists
009de59430f6: Waiting
8bea666aff12: Waiting
4cbeeddcdfa9: Waiting
7ba95544347f: Waiting
ff51c65dfdd3: Waiting
edc38886344a: Waiting
835c2b4c2960: Layer already exists
7a1d26d31d2c: Waiting
a281797bb06f: Waiting
24a3a1bb93b8: Waiting
8915e3401858: Waiting
009de59430f6: Waiting
60eb61e97a11: Waiting
7a1d26d31d2c: Waiting
a281797bb06f: Waiting
24a3a1bb93b8: Waiting
8915e3401858: Waiting
009de59430f6: Waiting
60eb61e97a11: Waiting
8bea666aff12: Waiting
4cbeeddcdfa9: Waiting
7ba95544347f: Waiting
ff51c65dfdd3: Waiting
edc38886344a: Waiting
009de59430f6: Waiting
60eb61e97a11: Waiting
4cbeeddcdfa9: Waiting
8bea666aff12: Waiting
edc38886344a: Waiting
7ba95544347f: Waiting
ff51c65dfdd3: Waiting
24a3a1bb93b8: Waiting
8915e3401858: Waiting
7a1d26d31d2c: Waiting
a281797bb06f: Waiting
4cbeeddcdfa9: Waiting
8bea666aff12: Waiting
edc38886344a: Waiting
7ba95544347f: Waiting
ff51c65dfdd3: Waiting
8915e3401858: Waiting
7a1d26d31d2c: Waiting
a281797bb06f: Waiting
24a3a1bb93b8: Waiting
60eb61e97a11: Waiting
009de59430f6: Waiting
4cbeeddcdfa9: Waiting
8bea666aff12: Waiting
ff51c65dfdd3: Waiting
edc38886344a: Waiting
7ba95544347f: Waiting
7a1d26d31d2c: Waiting
a281797bb06f: Waiting
24a3a1bb93b8: Waiting
8915e3401858: Waiting
009de59430f6: Waiting
60eb61e97a11: Waiting
ff51c65dfdd3: Waiting
edc38886344a: Waiting
7ba95544347f: Waiting
7a1d26d31d2c: Waiting
a281797bb06f: Waiting
24a3a1bb93b8: Waiting
009de59430f6: Waiting
60eb61e97a11: Waiting
4cbeeddcdfa9: Waiting
8bea666aff12: Waiting
4cbeeddcdfa9: Waiting
8bea666aff12: Waiting
edc38886344a: Waiting
7ba95544347f: Waiting
7a1d26d31d2c: Waiting
a281797bb06f: Waiting
24a3a1bb93b8: Waiting
009de59430f6: Waiting
60eb61e97a11: Waiting
edc38886344a: Waiting
7ba95544347f: Waiting
a281797bb06f: Waiting
7a1d26d31d2c: Waiting
8bea666aff12: Waiting
ff51c65dfdd3: Pushed
4cbeeddcdfa9: Pushed
7ba95544347f: Pushed
8915e3401858: Pushed
a281797bb06f: Pushed
009de59430f6: Pushed
60eb61e97a11: Pushed
8bea666aff12: Pushed
edc38886344a: Pushed
24a3a1bb93b8: Pushed
7a1d26d31d2c: Pushed
new-jit: digest: sha256:575d800ca31de9bb977176343744543fe10cc19bfc0b89ee3c82740ffe015942 size: 856
